<?xml version="1.0" encoding="UTF-8"?>
<testng-results ignored="1" total="2" passed="1" failed="0" skipped="0">
  <reporter-output>
    <line>
      <![CDATA[AddRetailerwithmandatoryfieldsTest---TestScript execution starts from here---]]>
    </line>
    <line>
      <![CDATA[AddRetailerwithmandatoryfieldsTest---TestScript executed successfully---]]>
    </line>
  </reporter-output>
  <suite started-at="2023-11-30T13:36:40 IST" name="Default suite" finished-at="2023-11-30T13:37:04 IST" duration-ms="23605">
    <groups>
    </groups>
    <test started-at="2023-11-30T13:36:40 IST" name="Default test" finished-at="2023-11-30T13:37:04 IST" duration-ms="23605">
      <class name="com.scm.procure.AdminModule.Add_Retailer_with_mandatory_fieldsTest">
        <test-method is-config="true" signature="BS()[pri:0, instance:com.scm.procure.AdminModule.Add_Retailer_with_mandatory_fieldsTest@6c6cb480]" started-at="2023-11-30T13:36:40 IST" name="BS" finished-at="2023-11-30T13:36:40 IST" duration-ms="23" status="PASS">
          <reporter-output>
          </reporter-output>
        </test-method> <!-- BS -->
        <test-method is-config="true" signature="BC()[pri:0, instance:com.scm.procure.AdminModule.Add_Retailer_with_mandatory_fieldsTest@6c6cb480]" started-at="2023-11-30T13:36:41 IST" name="BC" finished-at="2023-11-30T13:36:58 IST" duration-ms="17309" status="PASS">
          <reporter-output>
          </reporter-output>
        </test-method> <!-- BC -->
        <test-method is-config="true" signature="BM()[pri:0, instance:com.scm.procure.AdminModule.Add_Retailer_with_mandatory_fieldsTest@6c6cb480]" started-at="2023-11-30T13:36:58 IST" name="BM" finished-at="2023-11-30T13:36:59 IST" duration-ms="815" status="PASS">
          <reporter-output>
          </reporter-output>
        </test-method> <!-- BM -->
        <test-method signature="AddRetailerwithmandatoryfieldsTest()[pri:0, instance:com.scm.procure.AdminModule.Add_Retailer_with_mandatory_fieldsTest@6c6cb480]" started-at="2023-11-30T13:36:59 IST" name="AddRetailerwithmandatoryfieldsTest" finished-at="2023-11-30T13:37:04 IST" duration-ms="4662" status="PASS">
          <reporter-output>
            <line>
              <![CDATA[AddRetailerwithmandatoryfieldsTest---TestScript execution starts from here---]]>
            </line>
            <line>
              <![CDATA[AddRetailerwithmandatoryfieldsTest---TestScript executed successfully---]]>
            </line>
          </reporter-output>
        </test-method> <!-- AddRetailerwithmandatoryfieldsTest -->
        <test-method is-config="true" signature="AM()[pri:0, instance:com.scm.procure.AdminModule.Add_Retailer_with_mandatory_fieldsTest@6c6cb480]" started-at="2023-11-30T13:37:04 IST" name="AM" finished-at="2023-11-30T13:37:04 IST" duration-ms="203" status="PASS">
          <reporter-output>
          </reporter-output>
        </test-method> <!-- AM -->
        <test-method is-config="true" signature="AC()[pri:0, instance:com.scm.procure.AdminModule.Add_Retailer_with_mandatory_fieldsTest@6c6cb480]" started-at="2023-11-30T13:37:04 IST" name="AC" finished-at="2023-11-30T13:37:04 IST" duration-ms="149" status="PASS">
          <reporter-output>
          </reporter-output>
        </test-method> <!-- AC -->
        <test-method is-config="true" signature="AS()[pri:0, instance:com.scm.procure.AdminModule.Add_Retailer_with_mandatory_fieldsTest@6c6cb480]" started-at="2023-11-30T13:37:04 IST" name="AS" finished-at="2023-11-30T13:37:04 IST" duration-ms="0" status="PASS">
          <reporter-output>
          </reporter-output>
        </test-method> <!-- AS -->
      </class> <!-- com.scm.procure.AdminModule.Add_Retailer_with_mandatory_fieldsTest -->
    </test> <!-- Default test -->
  </suite> <!-- Default suite -->
</testng-results>
