<?xml version="1.0" encoding="UTF-8"?>
<!-- Generated by org.testng.reporters.JUnitXMLReporter -->
<testsuite ignored="1" hostname="JOYSTON" failures="0" tests="1" name="Default test" time="23.605" errors="0" timestamp="2023-11-30T13:37:04 IST">
  <testcase classname="com.scm.procure.AdminModule.Add_Retailer_with_mandatory_fieldsTest" name="AddRetailerwithmandatoryfieldsTest" time="4.662"/>
  <testcase classname="com.scm.procure.AdminModule.Add_Retailer_with_mandatory_fieldsTest" name="ex" time="0.0">
    <ignored/>
  </testcase> <!-- ex -->
</testsuite> <!-- Default test -->
