<?xml version="1.0" encoding="UTF-8"?>
<!-- Generated by org.testng.reporters.JUnitXMLReporter -->
<testsuite ignored="2" hostname="JOYSTON" failures="0" tests="2" name="Test2" time="31.206" errors="0" timestamp="2023-11-22T12:58:30 IST">
  <testcase classname="com.scm.procure.AdminModule.Add_Retailer_with_mandatory_fieldsTest" name="AddRetailerwithmandatoryfieldsTest" time="2.034"/>
  <testcase classname="com.scm.procure.AdminModule.Search_the_invoice_by_Invoice_idTest" name="SearchtheinvoicebyInvoiceidTest" time="0.467"/>
  <testcase classname="com.scm.procure.GenericUtils.BaseClass" name="@AfterSuite AS" time="0.0">
    <ignored/>
  </testcase> <!-- @AfterSuite AS -->
  <testcase classname="com.scm.procure.GenericUtils.BaseClass" name="@BeforeSuite BS" time="0.0">
    <ignored/>
  </testcase> <!-- @BeforeSuite BS -->
</testsuite> <!-- Test2 -->
